<?xml version="1.0" encoding="UTF-8"?>
<!-- Generated by org.testng.reporters.JUnitXMLReporter -->
<testsuite hostname="DESKTOP-IJ4J642" name="Test" tests="3" failures="0" timestamp="26 Aug 2019 08:11:58 GMT" time="13.822" errors="0">
  <testcase name="verifydresses" time="7.522" classname="flipkart.Homepagetest"/>
  <testcase name="verifytshirts" time="2.248" classname="flipkart.Homepagetest"/>
  <testcase name="verifywomen" time="3.916" classname="flipkart.Homepagetest"/>
</testsuite> <!-- Test -->
