<?xml version="1.0" encoding="UTF-8"?>
<testng-results skipped="0" failed="0" total="1" passed="1">
  <reporter-output>
  </reporter-output>
  <suite name="Suite" duration-ms="10979" started-at="2019-09-22T06:50:10Z" finished-at="2019-09-22T06:50:21Z">
    <groups>
    </groups>
    <test name="Test" duration-ms="10979" started-at="2019-09-22T06:50:10Z" finished-at="2019-09-22T06:50:21Z">
      <class name="flipkart.Homepagetest">
        <test-method status="PASS" signature="verifywomen()[pri:0, instance:flipkart.Homepagetest@2e1d27ba]" name="verifywomen" duration-ms="10960" started-at="2019-09-22T12:20:10Z" finished-at="2019-09-22T12:20:21Z">
          <reporter-output>
          </reporter-output>
        </test-method> <!-- verifywomen -->
      </class> <!-- flipkart.Homepagetest -->
    </test> <!-- Test -->
  </suite> <!-- Suite -->
</testng-results>
